<?xml version="1.0" encoding="UTF-8"?>
<!-- Generated by org.testng.reporters.JUnitXMLReporter -->
<testsuite hostname="CBT-MH-000" ignored="0" name="Test" tests="7" failures="0" timestamp="31 Oct 2019 03:39:37 GMT" time="24.832" errors="0">
  <testcase name="TestPost" time="11.165" classname="Twitter_Test.CreateAndDelete"/>
  <testcase name="TestPost" time="1.932" classname="Twitter_Test.Display"/>
  <testcase name="block1" time="1.071" classname="Twitter_Test.Block"/>
  <testcase name="TestPost" time="0.806" classname="Twitter_Test.HashtagQualitest"/>
  <testcase name="TestPost" time="0.728" classname="Twitter_Test.Weather"/>
  <testcase name="Retweetthetweet" time="2.667" classname="Twitter_Test.Retweet"/>
  <testcase name="Trends" time="6.17" classname="Twitter_Test.Hashtags"/>
</testsuite> <!-- Test -->
